<!DOCTYPE html>

<html>
    <head>
        <title>Pie Charts</title>

        <link rel="stylesheet" type="text/css" href="../../../../../../../../../HTML_Design_Files/CSS/design.css" />
        <link rel="stylesheet" type="text/css" href="../../../../../../../../../HTML_Design_Files/CSS/jquery.jqplot.css" />

        <script type="text/javascript" src="../../../../../../../../../HTML_Design_Files/JS/jquery.min.js"></script>
        <script type="text/javascript" src="../../../../../../../../../HTML_Design_Files/JS/jquery.jqplot.min.js"></script>
        <!--[if lt IE 9]>
        <script language="javascript" type="text/javascript" src="../../../../../../../../../HTML_Design_Files/JS/excanvas.js"></script>
        <![endif]-->

        <script language="javascript" type="text/javascript" src="../../../../../../../../../HTML_Design_Files/JS/jqplot.pieRenderer.min.js"></script>
        <script language="javascript" type="text/javascript">$(document).ready(function() { $(".exception").hide(); $("#showmenu").show(); $('#showmenu').click(function() { $('.exception').toggle("slide"); }); });        </script>    </head>
    <body>
        <table id="mainTable">
            <tr id="header" >
                <td id="logo"><img src="../../../../../../../../../HTML_Design_Files/IMG/atu.jpg" alt="Logo" height="80" width="140" /> <br/><i style="float:left;padding-left:20px;font-size:12px">Reflections of Visionary Minds</i></td>
                <td id="headertext">
           Framework         
<div style="padding-right:20px;float:right"><img src="../../../../../../../../../HTML_Design_Files/IMG/app-icon.png" height="70" width="140" /></div>                </td>
            </tr>

            <tr id="container">
                <td id="menu">
                    <ul> 

 <li class="menuStyle"><a href="../../../../../../../../../index.html" >Index</a></li><li style="padding-top: 4px;"><a href="../../../../../../../../ConsolidatedPage.html" >Consolidated Page</a></li>


                    </ul>
                </td>


<td id="content">   
                    <div class="info">
                        The following table lists down the Sequential Steps during the Run <br/>
TestCase Name: <b>test1  :  Iteration 1</b><br/>                        Time Taken for Executing: <b>30 Sec</b> <br/>
                        Current Run Number: <b>Run 12</b></br>
Method Type: <b>Test Method</b></br>                    </div>
<div class="info"><br/><b>Requirement Coverage/ TestCase Description</b><br/><br/>Requirement Coverage/Build Info/Cycle - Description</div>
<div class="chartStyle summary" style="background-color: #646D7E;width: 30%; height: 200px;">          
                        <b>Execution Platform Details</b><br/><br/>
                        <table>
                            <tr>
                                <td>O.S</td>
                                <td>&nbsp;&nbsp;:&nbsp;&nbsp;</td>
                                <td>Mac OS X, x86_64Bit, v10.15.4</td>
                            </tr>
                            <tr>
                                <td>Java</td>
                                <td>&nbsp;&nbsp;:&nbsp;&nbsp;</td>
                                <td>1.8.0_221</td>
                            </tr>

                            <tr>
                                <td>Hostname</td>
                                <td>&nbsp;&nbsp;:&nbsp;&nbsp;</td>
                                <td>Natarajans-MacBook-Pro.local</td>
                            </tr>

                            <tr>
                                <td>Selenium</td>
                                <td>&nbsp;&nbsp;:&nbsp;&nbsp;</td>
                                <td>3.141.59</td>
                            </tr>
                        </table>  
                    </div>
                   
 <div class="chartStyle summary" style="background-color: #E03C31;margin-left: 20px; height: 200px;width: 30%; ">
                        <b>Summary</b><br/><br/>
                        <table>
                            <tr>
                                <td>Status</td>
                                <td>&nbsp;&nbsp;:&nbsp;&nbsp;</td>
                                <td>Failed</td>
                            </tr>
                            <tr>
                                <td>Execution Date</td>
                                <td>&nbsp;&nbsp;:&nbsp;&nbsp;</td>
                                <td>16-May-2020 06:26:37</td>
                            </tr>
                            

                            <tr>
                                <td>Browser</td>
                                <td>&nbsp;&nbsp;:&nbsp;&nbsp;</td>
                                <td>chrome,v81.0.4044.138</td>
                            </tr>
                        </table> 
                    </div>
 <div class="chartStyle summary" style="background-color: #7F525D;margin-left: 20px; height: 200px;width: 30%; ">
                       <b>Author Info</b><br/><br/>
                        <table>
                            <tr>
                                <td>Author Name</td>
                                <td>&nbsp;&nbsp;:&nbsp;&nbsp;</td>
                                <td>Unknown</td>                                
                            </tr>
                            <tr>
                                <td>Creation Date</td>
                                <td>&nbsp;&nbsp;:&nbsp;&nbsp;</td>
                                <td>Unknown</td>
                            </tr>
                            <tr>
                                <td>Version</td>
                                <td>&nbsp;&nbsp;:&nbsp;&nbsp;</td>
                                <td>Unknown</td>
                            </tr>
                            <tr>
                                <td>System User</td>
                                <td>&nbsp;&nbsp;:&nbsp;&nbsp;</td>
                                <td>natarajan</td>
                            </tr>
                        </table> 
                    </div>
                    
   <div>
                        <table class="chartStyle" id="tableStyle" style="height:50px; float: left">
                            <tr>
                                <th>S.No</th>
                                <th>Step Description</th>
                                <th>Input Value</th>
                                <th>Expected Value</th>
                                <th>Actual Value</th>
                                <th>Time</th>
                                <th>Line No</th>
                                <th>Status</th>
                                <th>Screen shot</th>
                            </tr>
                           

<tr><td colspan="8"><b>No Steps Available</b></td></tr>
                        </div></table>  
<div class="chartStyle summary" style="color: black;width: 98%; height: 100%; padding-bottom: 30px;">          

                        <br/><br/><b>Reason for Failure:&nbsp;&nbsp;</b>Time Out Error<br/><br/>
<b id="showmenu">Click Me to Show/Hide the Full Stack Trace</b><div class="exception">
org.openqa.selenium.TimeoutException: Expected condition failed: waiting for presence of element located by: By.id: authUse (tried for 30 second(s) with 500 milliseconds interval)
	at org.openqa.selenium.support.ui.WebDriverWait.timeoutException(WebDriverWait.java:95)
	at org.openqa.selenium.support.ui.FluentWait.until(FluentWait.java:272)
	at com.clearcode.utils.WebDriverUtils.find(WebDriverUtils.java:106)
	at com.clearcode.utils.WebDriverUtils.type(WebDriverUtils.java:93)
	at com.clearcode.testsuite.TestSuite1.test1(TestSuite1.java:10)
	at sun.reflect.NativeMethodAccessorImpl.invoke0(Native Method)
	at sun.reflect.NativeMethodAccessorImpl.invoke(NativeMethodAccessorImpl.java:62)
	at sun.reflect.DelegatingMethodAccessorImpl.invoke(DelegatingMethodAccessorImpl.java:43)
	at java.lang.reflect.Method.invoke(Method.java:498)
	at org.testng.internal.MethodInvocationHelper.invokeMethod(MethodInvocationHelper.java:133)
	at org.testng.internal.TestInvoker.invokeMethod(TestInvoker.java:584)
	at org.testng.internal.TestInvoker.invokeTestMethod(TestInvoker.java:172)
	at org.testng.internal.MethodRunner.runInSequence(MethodRunner.java:46)
	at org.testng.internal.TestInvoker$MethodInvocationAgent.invoke(TestInvoker.java:804)
	at org.testng.internal.TestInvoker.invokeTestMethods(TestInvoker.java:145)
	at org.testng.internal.TestMethodWorker.invokeTestMethods(TestMethodWorker.java:146)
	at org.testng.internal.TestMethodWorker.run(TestMethodWorker.java:128)
	at java.util.ArrayList.forEach(ArrayList.java:1257)
	at org.testng.TestRunner.privateRun(TestRunner.java:770)
	at org.testng.TestRunner.run(TestRunner.java:591)
	at org.testng.SuiteRunner.runTest(SuiteRunner.java:402)
	at org.testng.SuiteRunner.runSequentially(SuiteRunner.java:396)
	at org.testng.SuiteRunner.privateRun(SuiteRunner.java:355)
	at org.testng.SuiteRunner.run(SuiteRunner.java:304)
	at org.testng.SuiteRunnerWorker.runSuite(SuiteRunnerWorker.java:53)
	at org.testng.SuiteRunnerWorker.run(SuiteRunnerWorker.java:96)
	at org.testng.TestNG.runSuitesSequentially(TestNG.java:1180)
	at org.testng.TestNG.runSuitesLocally(TestNG.java:1102)
	at org.testng.TestNG.runSuites(TestNG.java:1032)
	at org.testng.TestNG.run(TestNG.java:1000)
	at org.testng.remote.AbstractRemoteTestNG.run(AbstractRemoteTestNG.java:115)
	at org.testng.remote.RemoteTestNG.initAndRun(RemoteTestNG.java:251)
	at org.testng.remote.RemoteTestNG.main(RemoteTestNG.java:77)
Caused by: org.openqa.selenium.NoSuchElementException: no such element: Unable to locate element: {"method":"css selector","selector":"#authUse"}
  (Session info: chrome=81.0.4044.138)
For documentation on this error, please visit: https://www.seleniumhq.org/exceptions/no_such_element.html
Build info: version: '3.141.59', revision: 'e82be7d358', time: '2018-11-14T08:17:03'
System info: host: 'Natarajans-MacBook-Pro.local', ip: 'fe80:0:0:0:1ca0:8bb8:f0f7:20b5%en0', os.name: 'Mac OS X', os.arch: 'x86_64', os.version: '10.15.4', java.version: '1.8.0_221'
Driver info: org.openqa.selenium.chrome.ChromeDriver
Capabilities {acceptInsecureCerts: false, browserName: chrome, browserVersion: 81.0.4044.138, chrome: {chromedriverVersion: 81.0.4044.138 (8c6c7ba89cc9..., userDataDir: /var/folders/3h/cbnyx6rs07v...}, goog:chromeOptions: {debuggerAddress: localhost:56427}, javascriptEnabled: true, networkConnectionEnabled: false, pageLoadStrategy: normal, platform: MAC, platformName: MAC, proxy: Proxy(), setWindowRect: true, strictFileInteractability: false, timeouts: {implicit: 0, pageLoad: 300000, script: 30000}, unhandledPromptBehavior: dismiss and notify, webauthn:virtualAuthenticators: true}
Session ID: 258dac9a0e87b612cdf6389d934164c6
*** Element info: {Using=id, value=authUse}
	at sun.reflect.NativeConstructorAccessorImpl.newInstance0(Native Method)
	at sun.reflect.NativeConstructorAccessorImpl.newInstance(NativeConstructorAccessorImpl.java:62)
	at sun.reflect.DelegatingConstructorAccessorImpl.newInstance(DelegatingConstructorAccessorImpl.java:45)
	at java.lang.reflect.Constructor.newInstance(Constructor.java:423)
	at org.openqa.selenium.remote.http.W3CHttpResponseCodec.createException(W3CHttpResponseCodec.java:187)
	at org.openqa.selenium.remote.http.W3CHttpResponseCodec.decode(W3CHttpResponseCodec.java:122)
	at org.openqa.selenium.remote.http.W3CHttpResponseCodec.decode(W3CHttpResponseCodec.java:49)
	at org.openqa.selenium.remote.HttpCommandExecutor.execute(HttpCommandExecutor.java:158)
	at org.openqa.selenium.remote.service.DriverCommandExecutor.execute(DriverCommandExecutor.java:83)
	at org.openqa.selenium.remote.RemoteWebDriver.execute(RemoteWebDriver.java:552)
	at org.openqa.selenium.remote.RemoteWebDriver.findElement(RemoteWebDriver.java:323)
	at org.openqa.selenium.remote.RemoteWebDriver.findElementById(RemoteWebDriver.java:372)
	at org.openqa.selenium.By$ById.findElement(By.java:188)
	at org.openqa.selenium.remote.RemoteWebDriver.findElement(RemoteWebDriver.java:315)
	at org.openqa.selenium.support.ui.ExpectedConditions$6.apply(ExpectedConditions.java:182)
	at org.openqa.selenium.support.ui.ExpectedConditions$6.apply(ExpectedConditions.java:179)
	at org.openqa.selenium.support.ui.FluentWait.until(FluentWait.java:249)
	... 31 more
</div>                    

                </td>
            </tr>            <tr id="footer">
                <td colspan="2">
                    Best Viewed in &nbsp;
                    <a href="http://www.mozilla.org/en-US/firefox/new/">Firefox</a> &nbsp;
                    <a href="http://www.apple.com/in/safari/">Safari</a>&nbsp;
                    <a href="http://www.google.com/chrome/">Chrome</a>&nbsp;
                    <a href="http://windows.microsoft.com/en-IN/internet-explorer/download-ie">IE 9 & Above</a>&nbsp;
                    &nbsp;
ATU Reporter Version: v5.5 BETA                    &nbsp;
                    Reports by: <a href="http://automationtestingutilities.blogspot.in/">Automation Testing Utilities</a>
                </td>
            </tr>
        </table>
    </body>
</html>
